<?xml version="1.0" encoding="UTF-8"?>
<testng-results ignored="0" total="5" passed="5" failed="0" skipped="0">
  <reporter-output>
  </reporter-output>
  <suite started-at="2019-11-30T18:34:54 GMT" name="Kloeckner trello TestCases Suite" finished-at="2019-11-30T18:39:32 GMT" duration-ms="277997">
    <groups>
    </groups>
    <test started-at="2019-11-30T18:34:54 GMT" name="Kloeckner trello TestCases" finished-at="2019-11-30T18:39:32 GMT" duration-ms="277997">
      <class name="kloeckner.TestCases.VerificationOfAddingMembers">
        <test-method is-config="true" signature="setUp()[pri:0, instance:kloeckner.TestCases.VerificationOfAddingMembers@d706f19]" started-at="2019-11-30T18:36:49 GMT" name="setUp" finished-at="2019-11-30T18:36:59 GMT" duration-ms="10948" status="PASS">
          <reporter-output>
          </reporter-output>
        </test-method> <!-- setUp -->
        <test-method signature="VerificationofAddingMembersToBoard()[pri:0, instance:kloeckner.TestCases.VerificationOfAddingMembers@d706f19]" started-at="2019-11-30T18:36:59 GMT" name="VerificationofAddingMembersToBoard" finished-at="2019-11-30T18:37:27 GMT" duration-ms="27688" status="PASS">
          <reporter-output>
          </reporter-output>
        </test-method> <!-- VerificationofAddingMembersToBoard -->
        <test-method is-config="true" signature="tearDown()[pri:0, instance:kloeckner.TestCases.VerificationOfAddingMembers@d706f19]" started-at="2019-11-30T18:37:27 GMT" name="tearDown" finished-at="2019-11-30T18:37:43 GMT" duration-ms="15395" status="PASS">
          <reporter-output>
          </reporter-output>
        </test-method> <!-- tearDown -->
        <test-method is-config="true" signature="setUp()[pri:0, instance:kloeckner.TestCases.VerificationOfAddingMembers@d706f19]" started-at="2019-11-30T18:37:43 GMT" name="setUp" finished-at="2019-11-30T18:37:54 GMT" duration-ms="11031" status="PASS">
          <reporter-output>
          </reporter-output>
        </test-method> <!-- setUp -->
        <test-method signature="VerificationofAddingMembersToCard()[pri:1, instance:kloeckner.TestCases.VerificationOfAddingMembers@d706f19]" started-at="2019-11-30T18:37:54 GMT" name="VerificationofAddingMembersToCard" finished-at="2019-11-30T18:38:27 GMT" duration-ms="33841" status="PASS">
          <reporter-output>
          </reporter-output>
        </test-method> <!-- VerificationofAddingMembersToCard -->
        <test-method is-config="true" signature="tearDown()[pri:0, instance:kloeckner.TestCases.VerificationOfAddingMembers@d706f19]" started-at="2019-11-30T18:38:27 GMT" name="tearDown" finished-at="2019-11-30T18:38:38 GMT" duration-ms="10117" status="PASS">
          <reporter-output>
          </reporter-output>
        </test-method> <!-- tearDown -->
        <test-method is-config="true" signature="setUp()[pri:0, instance:kloeckner.TestCases.VerificationOfAddingMembers@d706f19]" started-at="2019-11-30T18:38:38 GMT" name="setUp" finished-at="2019-11-30T18:38:49 GMT" duration-ms="11895" status="PASS">
          <reporter-output>
          </reporter-output>
        </test-method> <!-- setUp -->
        <test-method signature="VerificationofAddedMemberatCardAndBoard()[pri:2, instance:kloeckner.TestCases.VerificationOfAddingMembers@d706f19]" started-at="2019-11-30T18:38:49 GMT" name="VerificationofAddedMemberatCardAndBoard" finished-at="2019-11-30T18:39:23 GMT" duration-ms="33887" status="PASS">
          <reporter-output>
          </reporter-output>
        </test-method> <!-- VerificationofAddedMemberatCardAndBoard -->
        <test-method is-config="true" signature="tearDown()[pri:0, instance:kloeckner.TestCases.VerificationOfAddingMembers@d706f19]" started-at="2019-11-30T18:39:23 GMT" name="tearDown" finished-at="2019-11-30T18:39:32 GMT" duration-ms="9081" status="PASS">
          <reporter-output>
          </reporter-output>
        </test-method> <!-- tearDown -->
      </class> <!-- kloeckner.TestCases.VerificationOfAddingMembers -->
      <class name="kloeckner.TestCases.VerficationOfCardDetails">
        <test-method is-config="true" signature="setUp()[pri:0, instance:kloeckner.TestCases.VerficationOfCardDetails@65d6b83b]" started-at="2019-11-30T18:34:55 GMT" name="setUp" finished-at="2019-11-30T18:35:08 GMT" duration-ms="13440" status="PASS">
          <reporter-output>
          </reporter-output>
        </test-method> <!-- setUp -->
        <test-method signature="VerificationofListNameOnCard()[pri:0, instance:kloeckner.TestCases.VerficationOfCardDetails@65d6b83b]" started-at="2019-11-30T18:35:08 GMT" name="VerificationofListNameOnCard" finished-at="2019-11-30T18:35:38 GMT" duration-ms="30337" status="PASS">
          <reporter-output>
          </reporter-output>
        </test-method> <!-- VerificationofListNameOnCard -->
        <test-method is-config="true" signature="tearDown()[pri:0, instance:kloeckner.TestCases.VerficationOfCardDetails@65d6b83b]" started-at="2019-11-30T18:35:38 GMT" name="tearDown" finished-at="2019-11-30T18:35:54 GMT" duration-ms="15304" status="PASS">
          <reporter-output>
          </reporter-output>
        </test-method> <!-- tearDown -->
        <test-method is-config="true" signature="setUp()[pri:0, instance:kloeckner.TestCases.VerficationOfCardDetails@65d6b83b]" started-at="2019-11-30T18:35:54 GMT" name="setUp" finished-at="2019-11-30T18:36:04 GMT" duration-ms="10527" status="PASS">
          <reporter-output>
          </reporter-output>
        </test-method> <!-- setUp -->
        <test-method signature="VerificationofCardNameOnCard()[pri:1, instance:kloeckner.TestCases.VerficationOfCardDetails@65d6b83b]" started-at="2019-11-30T18:36:04 GMT" name="VerificationofCardNameOnCard" finished-at="2019-11-30T18:36:34 GMT" duration-ms="30032" status="PASS">
          <reporter-output>
          </reporter-output>
        </test-method> <!-- VerificationofCardNameOnCard -->
        <test-method is-config="true" signature="tearDown()[pri:0, instance:kloeckner.TestCases.VerficationOfCardDetails@65d6b83b]" started-at="2019-11-30T18:36:34 GMT" name="tearDown" finished-at="2019-11-30T18:36:49 GMT" duration-ms="14386" status="PASS">
          <reporter-output>
          </reporter-output>
        </test-method> <!-- tearDown -->
      </class> <!-- kloeckner.TestCases.VerficationOfCardDetails -->
    </test> <!-- Kloeckner trello TestCases -->
  </suite> <!-- Kloeckner trello TestCases Suite -->
</testng-results>
