<?xml version="1.0" encoding="UTF-8"?>
<testng-results ignored="0" total="5" passed="5" failed="0" skipped="0">
  <reporter-output>
  </reporter-output>
  <suite started-at="2019-11-30T17:00:20 GMT" name="Kloeckner trello TestCases Suite" finished-at="2019-11-30T17:05:34 GMT" duration-ms="314075">
    <groups>
    </groups>
    <test started-at="2019-11-30T17:00:20 GMT" name="Kloeckner trello TestCases" finished-at="2019-11-30T17:05:34 GMT" duration-ms="314075">
      <class name="kloeckner.TestCases.VerificationOfAddingMembers">
        <test-method is-config="true" signature="setUp()[pri:0, instance:kloeckner.TestCases.VerificationOfAddingMembers@3c72f59f]" started-at="2019-11-30T17:02:37 GMT" name="setUp" finished-at="2019-11-30T17:02:50 GMT" duration-ms="12669" status="PASS">
          <reporter-output>
          </reporter-output>
        </test-method> <!-- setUp -->
        <test-method signature="VerificationofAddingMembersToBoard()[pri:0, instance:kloeckner.TestCases.VerificationOfAddingMembers@3c72f59f]" started-at="2019-11-30T17:02:50 GMT" name="VerificationofAddingMembersToBoard" finished-at="2019-11-30T17:03:17 GMT" duration-ms="27133" status="PASS">
          <reporter-output>
          </reporter-output>
        </test-method> <!-- VerificationofAddingMembersToBoard -->
        <test-method is-config="true" signature="tearDown()[pri:0, instance:kloeckner.TestCases.VerificationOfAddingMembers@3c72f59f]" started-at="2019-11-30T17:03:17 GMT" name="tearDown" finished-at="2019-11-30T17:03:28 GMT" duration-ms="11008" status="PASS">
          <reporter-output>
          </reporter-output>
        </test-method> <!-- tearDown -->
        <test-method is-config="true" signature="setUp()[pri:0, instance:kloeckner.TestCases.VerificationOfAddingMembers@3c72f59f]" started-at="2019-11-30T17:03:28 GMT" name="setUp" finished-at="2019-11-30T17:03:39 GMT" duration-ms="11065" status="PASS">
          <reporter-output>
          </reporter-output>
        </test-method> <!-- setUp -->
        <test-method signature="VerificationofAddingMembersToCard()[pri:1, instance:kloeckner.TestCases.VerificationOfAddingMembers@3c72f59f]" started-at="2019-11-30T17:03:39 GMT" name="VerificationofAddingMembersToCard" finished-at="2019-11-30T17:04:12 GMT" duration-ms="32433" status="PASS">
          <reporter-output>
          </reporter-output>
        </test-method> <!-- VerificationofAddingMembersToCard -->
        <test-method is-config="true" signature="tearDown()[pri:0, instance:kloeckner.TestCases.VerificationOfAddingMembers@3c72f59f]" started-at="2019-11-30T17:04:12 GMT" name="tearDown" finished-at="2019-11-30T17:04:33 GMT" duration-ms="21760" status="PASS">
          <reporter-output>
          </reporter-output>
        </test-method> <!-- tearDown -->
        <test-method is-config="true" signature="setUp()[pri:0, instance:kloeckner.TestCases.VerificationOfAddingMembers@3c72f59f]" started-at="2019-11-30T17:04:33 GMT" name="setUp" finished-at="2019-11-30T17:04:45 GMT" duration-ms="11722" status="PASS">
          <reporter-output>
          </reporter-output>
        </test-method> <!-- setUp -->
        <test-method signature="VerificationofAddedMemberatCardAndBoard()[pri:2, instance:kloeckner.TestCases.VerificationOfAddingMembers@3c72f59f]" started-at="2019-11-30T17:04:45 GMT" name="VerificationofAddedMemberatCardAndBoard" finished-at="2019-11-30T17:05:19 GMT" duration-ms="33493" status="PASS">
          <reporter-output>
          </reporter-output>
        </test-method> <!-- VerificationofAddedMemberatCardAndBoard -->
        <test-method is-config="true" signature="tearDown()[pri:0, instance:kloeckner.TestCases.VerificationOfAddingMembers@3c72f59f]" started-at="2019-11-30T17:05:19 GMT" name="tearDown" finished-at="2019-11-30T17:05:34 GMT" duration-ms="15453" status="PASS">
          <reporter-output>
          </reporter-output>
        </test-method> <!-- tearDown -->
      </class> <!-- kloeckner.TestCases.VerificationOfAddingMembers -->
      <class name="kloeckner.TestCases.VerficationOfCardDetails">
        <test-method is-config="true" signature="setUp()[pri:0, instance:kloeckner.TestCases.VerficationOfCardDetails@ec756bd]" started-at="2019-11-30T17:00:20 GMT" name="setUp" finished-at="2019-11-30T17:00:37 GMT" duration-ms="17426" status="PASS">
          <reporter-output>
          </reporter-output>
        </test-method> <!-- setUp -->
        <test-method signature="VerificationofListNameOnCard()[pri:0, instance:kloeckner.TestCases.VerficationOfCardDetails@ec756bd]" started-at="2019-11-30T17:00:37 GMT" name="VerificationofListNameOnCard" finished-at="2019-11-30T17:01:19 GMT" duration-ms="41366" status="PASS">
          <reporter-output>
          </reporter-output>
        </test-method> <!-- VerificationofListNameOnCard -->
        <test-method is-config="true" signature="tearDown()[pri:0, instance:kloeckner.TestCases.VerficationOfCardDetails@ec756bd]" started-at="2019-11-30T17:01:19 GMT" name="tearDown" finished-at="2019-11-30T17:01:36 GMT" duration-ms="17473" status="PASS">
          <reporter-output>
          </reporter-output>
        </test-method> <!-- tearDown -->
        <test-method is-config="true" signature="setUp()[pri:0, instance:kloeckner.TestCases.VerficationOfCardDetails@ec756bd]" started-at="2019-11-30T17:01:36 GMT" name="setUp" finished-at="2019-11-30T17:01:48 GMT" duration-ms="11925" status="PASS">
          <reporter-output>
          </reporter-output>
        </test-method> <!-- setUp -->
        <test-method signature="VerificationofCardNameOnCard()[pri:1, instance:kloeckner.TestCases.VerficationOfCardDetails@ec756bd]" started-at="2019-11-30T17:01:48 GMT" name="VerificationofCardNameOnCard" finished-at="2019-11-30T17:02:20 GMT" duration-ms="32165" status="PASS">
          <reporter-output>
          </reporter-output>
        </test-method> <!-- VerificationofCardNameOnCard -->
        <test-method is-config="true" signature="tearDown()[pri:0, instance:kloeckner.TestCases.VerficationOfCardDetails@ec756bd]" started-at="2019-11-30T17:02:20 GMT" name="tearDown" finished-at="2019-11-30T17:02:37 GMT" duration-ms="16881" status="PASS">
          <reporter-output>
          </reporter-output>
        </test-method> <!-- tearDown -->
      </class> <!-- kloeckner.TestCases.VerficationOfCardDetails -->
    </test> <!-- Kloeckner trello TestCases -->
  </suite> <!-- Kloeckner trello TestCases Suite -->
</testng-results>
