<?xml version="1.0" encoding="UTF-8"?>
<!-- Generated by org.testng.reporters.JUnitXMLReporter -->
<testsuite ignored="0" hostname="DESKTOP-1B6O86T" failures="0" tests="5" name="Kloeckner trello TestCases" time="277.997" errors="0" timestamp="2019-11-30T18:39:33 GMT">
  <testcase classname="kloeckner.TestCases.VerficationOfCardDetails" name="VerificationofListNameOnCard" time="30.337"/>
  <testcase classname="kloeckner.TestCases.VerficationOfCardDetails" name="VerificationofCardNameOnCard" time="30.032"/>
  <testcase classname="kloeckner.TestCases.VerificationOfAddingMembers" name="VerificationofAddingMembersToBoard" time="27.688"/>
  <testcase classname="kloeckner.TestCases.VerificationOfAddingMembers" name="VerificationofAddingMembersToCard" time="33.841"/>
  <testcase classname="kloeckner.TestCases.VerificationOfAddingMembers" name="VerificationofAddedMemberatCardAndBoard" time="33.887"/>
</testsuite> <!-- Kloeckner trello TestCases -->
