<?xml version="1.0" encoding="UTF-8"?>
<!-- Generated by org.testng.reporters.JUnitXMLReporter -->
<testsuite ignored="0" hostname="DESKTOP-1B6O86T" failures="0" tests="2" name="Default test" time="110.915" errors="0" timestamp="2019-11-30T14:29:47 GMT">
  <testcase classname="kloeckner.TestCases.VerficationOfCardDetails" name="VerificationofListNameOnCard" time="28.065"/>
  <testcase classname="kloeckner.TestCases.VerficationOfCardDetails" name="VerificationofCardNameOnCard" time="28.218"/>
</testsuite> <!-- Default test -->
